<?xml version="1.0" encoding="UTF-8"?>
<!-- Generated by org.testng.reporters.JUnitXMLReporter -->
<testsuite hostname="HDC3-L-4B4PLC2" ignored="0" name="ChromeTest_Version 57.0.2924.87" tests="2" failures="0" timestamp="08 Nov 2017 10:58:27 GMT" time="11.028" errors="0">
  <testcase name="testMethod1" time="3.815" classname="regression_testcases.TestCase1"/>
  <testcase name="testMethod2" time="1.863" classname="regression_testcases.TestCase1"/>
</testsuite> <!-- ChromeTest_Version 57.0.2924.87 -->
