<?xml version="1.0" encoding="UTF-8"?>
<!-- Generated by org.testng.reporters.JUnitXMLReporter -->
<testsuite hostname="HDC3-D-514SM17" name="ChromeTest" tests="40" failures="0" timestamp="17 Jul 2018 14:09:49 GMT" time="3586.551" errors="0">
  <testcase name="Contact_Us_Positive" time="94.098" classname="com.automation.bms.ContactUs"/>
  <testcase name="Contact_Us_Negative" time="43.892" classname="com.automation.bms.ContactUs"/>
  <testcase name="Gigya_Brazil_Registartion" time="135.752" classname="com.automation.bms.Gigya_Brazil"/>
  <testcase name="Gigya_Brazil_Login" time="134.148" classname="com.automation.bms.Gigya_Brazil"/>
  <testcase name="Gigya_Brazil_Edit_Profile" time="36.163" classname="com.automation.bms.Gigya_Brazil"/>
  <testcase name="Gigya_Brazil_Change_Password" time="44.378" classname="com.automation.bms.Gigya_Brazil"/>
  <testcase name="Gigya_Canada_EN_Registartion" time="66.308" classname="com.automation.bms.Gigya_Canada_EN"/>
  <testcase name="Gigya_Canada_EN_Login" time="133.153" classname="com.automation.bms.Gigya_Canada_EN"/>
  <testcase name="Gigya_Canada_EN_Edit_Profile" time="39.864" classname="com.automation.bms.Gigya_Canada_EN"/>
  <testcase name="Gigya_Canada_EN_Change_Password" time="42.094" classname="com.automation.bms.Gigya_Canada_EN"/>
  <testcase name="Gigya_Canada_FR_Registartion" time="69.147" classname="com.automation.bms.Gigya_Canada_FR"/>
  <testcase name="Gigya_Canada_FR_Login" time="135.163" classname="com.automation.bms.Gigya_Canada_FR"/>
  <testcase name="Gigya_Canada_FR_Edit_Profile" time="39.272" classname="com.automation.bms.Gigya_Canada_FR"/>
  <testcase name="Gigya_Canada_FR_Change_Password" time="48.337" classname="com.automation.bms.Gigya_Canada_FR"/>
  <testcase name="Gigya_Denmark_Registartion" time="104.969" classname="com.automation.bms.Gigya_Denmark"/>
  <testcase name="Gigya_Denmark_Login" time="138.722" classname="com.automation.bms.Gigya_Denmark"/>
  <testcase name="Gigya_Denmark_Edit_Profile" time="75.498" classname="com.automation.bms.Gigya_Denmark"/>
  <testcase name="Gigya_Denmark_Change_Password" time="74.97" classname="com.automation.bms.Gigya_Denmark"/>
  <testcase name="Gigya_Germany_DocChecker_Login" time="231.201" classname="com.automation.bms.Gigya_Germany"/>
  <testcase name="Gigya_Germany_Registartion" time="128.451" classname="com.automation.bms.Gigya_Germany"/>
  <testcase name="Gigya_Germany_Login" time="124.48" classname="com.automation.bms.Gigya_Germany"/>
  <testcase name="Gigya_Germany_Edit_Profile" time="123.129" classname="com.automation.bms.Gigya_Germany"/>
  <testcase name="Gigya_Germany_Change_Password" time="117.155" classname="com.automation.bms.Gigya_Germany"/>
  <testcase name="Gigya_Austria_DocChecker_Login" time="38.601" classname="com.automation.bms.Gigya_Austria"/>
  <testcase name="Gigya_Latam_Registartion" time="150.756" classname="com.automation.bms.Gigya_Latam"/>
  <testcase name="Gigya_Latam_Edit_Profile" time="37.317" classname="com.automation.bms.Gigya_Latam"/>
  <testcase name="Gigya_Latam_Login" time="134.178" classname="com.automation.bms.Gigya_Latam"/>
  <testcase name="Gigya_Latam_Change_Password" time="43.366" classname="com.automation.bms.Gigya_Latam"/>
  <testcase name="Gigya_Belgium_EN_Registartion" time="102.555" classname="com.automation.bms.Gigya_Belgium_EN"/>
  <testcase name="Gigya_Belgium_EN_Login" time="137.78" classname="com.automation.bms.Gigya_Belgium_EN"/>
  <testcase name="Gigya_Belgium_EN_Edit_Profile" time="49.584" classname="com.automation.bms.Gigya_Belgium_EN"/>
  <testcase name="Gigya_Belgium_EN_Change_Password" time="43.913" classname="com.automation.bms.Gigya_Belgium_EN"/>
  <testcase name="Gigya_Belgium_FR_Registartion" time="101.144" classname="com.automation.bms.Gigya_Belgium_FR"/>
  <testcase name="Gigya_Belgium_FR_Login" time="143.993" classname="com.automation.bms.Gigya_Belgium_FR"/>
  <testcase name="Gigya_Belgium_FR_Edit_Profile" time="50.536" classname="com.automation.bms.Gigya_Belgium_FR"/>
  <testcase name="Gigya_Belgium_FR_Change_Password" time="44.431" classname="com.automation.bms.Gigya_Belgium_FR"/>
  <testcase name="Gigya_Belgium_NL_Registartion" time="99.021" classname="com.automation.bms.Gigya_Belgium_NL"/>
  <testcase name="Gigya_Belgium_NL_Login" time="139.134" classname="com.automation.bms.Gigya_Belgium_NL"/>
  <testcase name="Gigya_Belgium_NL_Edit_Profile" time="40.465" classname="com.automation.bms.Gigya_Belgium_NL"/>
  <testcase name="Gigya_Belgium_NL_Change_Password" time="48.928" classname="com.automation.bms.Gigya_Belgium_NL"/>
</testsuite> <!-- ChromeTest -->
