<?xml version="1.0" encoding="UTF-8"?>
<testsuite name="TestSuite" time="3,585.985" tests="40" errors="0" skipped="0" failures="0">
  <properties>
[...]
</properties>
  <testcase name="Contact_Us_Positive" classname="com.automation.bms.ContactUs" time="94.143"/>
  <testcase name="Contact_Us_Negative" classname="com.automation.bms.ContactUs" time="43.865"/>
  <testcase name="Gigya_Brazil_Registartion" classname="com.automation.bms.Gigya_Brazil" time="135.743"/>
  <testcase name="Gigya_Brazil_Login" classname="com.automation.bms.Gigya_Brazil" time="134.145"/>
  <testcase name="Gigya_Brazil_Edit_Profile" classname="com.automation.bms.Gigya_Brazil" time="36.163"/>
  <testcase name="Gigya_Brazil_Change_Password" classname="com.automation.bms.Gigya_Brazil" time="44.381"/>
  <testcase name="Gigya_Canada_EN_Registartion" classname="com.automation.bms.Gigya_Canada_EN" time="66.274"/>
  <testcase name="Gigya_Canada_EN_Login" classname="com.automation.bms.Gigya_Canada_EN" time="133.154"/>
  <testcase name="Gigya_Canada_EN_Edit_Profile" classname="com.automation.bms.Gigya_Canada_EN" time="39.864"/>
  <testcase name="Gigya_Canada_EN_Change_Password" classname="com.automation.bms.Gigya_Canada_EN" time="42.049"/>
  <testcase name="Gigya_Canada_FR_Registartion" classname="com.automation.bms.Gigya_Canada_FR" time="69.127"/>
  <testcase name="Gigya_Canada_FR_Login" classname="com.automation.bms.Gigya_Canada_FR" time="135.174"/>
  <testcase name="Gigya_Canada_FR_Edit_Profile" classname="com.automation.bms.Gigya_Canada_FR" time="39.268"/>
  <testcase name="Gigya_Canada_FR_Change_Password" classname="com.automation.bms.Gigya_Canada_FR" time="48.337"/>
  <testcase name="Gigya_Denmark_Registartion" classname="com.automation.bms.Gigya_Denmark" time="104.968"/>
  <testcase name="Gigya_Denmark_Login" classname="com.automation.bms.Gigya_Denmark" time="138.723"/>
  <testcase name="Gigya_Denmark_Edit_Profile" classname="com.automation.bms.Gigya_Denmark" time="75.498"/>
  <testcase name="Gigya_Denmark_Change_Password" classname="com.automation.bms.Gigya_Denmark" time="74.969"/>
  <testcase name="Gigya_Germany_DocChecker_Login" classname="com.automation.bms.Gigya_Germany" time="231.201"/>
  <testcase name="Gigya_Germany_Registartion" classname="com.automation.bms.Gigya_Germany" time="128.449"/>
  <testcase name="Gigya_Germany_Login" classname="com.automation.bms.Gigya_Germany" time="124.48"/>
  <testcase name="Gigya_Germany_Edit_Profile" classname="com.automation.bms.Gigya_Germany" time="123.129"/>
  <testcase name="Gigya_Germany_Change_Password" classname="com.automation.bms.Gigya_Germany" time="117.154"/>
  <testcase name="Gigya_Austria_DocChecker_Login" classname="com.automation.bms.Gigya_Austria" time="38.607"/>
  <testcase name="Gigya_Latam_Registartion" classname="com.automation.bms.Gigya_Latam" time="150.795"/>
  <testcase name="Gigya_Latam_Edit_Profile" classname="com.automation.bms.Gigya_Latam" time="37.276"/>
  <testcase name="Gigya_Latam_Login" classname="com.automation.bms.Gigya_Latam" time="134.18"/>
  <testcase name="Gigya_Latam_Change_Password" classname="com.automation.bms.Gigya_Latam" time="43.422"/>
  <testcase name="Gigya_Belgium_EN_Registartion" classname="com.automation.bms.Gigya_Belgium_EN" time="102.5"/>
  <testcase name="Gigya_Belgium_EN_Login" classname="com.automation.bms.Gigya_Belgium_EN" time="137.781"/>
  <testcase name="Gigya_Belgium_EN_Edit_Profile" classname="com.automation.bms.Gigya_Belgium_EN" time="49.585"/>
  <testcase name="Gigya_Belgium_EN_Change_Password" classname="com.automation.bms.Gigya_Belgium_EN" time="43.912"/>
  <testcase name="Gigya_Belgium_FR_Registartion" classname="com.automation.bms.Gigya_Belgium_FR" time="101.147"/>
  <testcase name="Gigya_Belgium_FR_Login" classname="com.automation.bms.Gigya_Belgium_FR" time="144.001"/>
  <testcase name="Gigya_Belgium_FR_Edit_Profile" classname="com.automation.bms.Gigya_Belgium_FR" time="50.549"/>
  <testcase name="Gigya_Belgium_FR_Change_Password" classname="com.automation.bms.Gigya_Belgium_FR" time="44.41"/>
  <testcase name="Gigya_Belgium_NL_Registartion" classname="com.automation.bms.Gigya_Belgium_NL" time="99.062"/>
  <testcase name="Gigya_Belgium_NL_Login" classname="com.automation.bms.Gigya_Belgium_NL" time="139.097"/>
  <testcase name="Gigya_Belgium_NL_Edit_Profile" classname="com.automation.bms.Gigya_Belgium_NL" time="40.462"/>
  <testcase name="Gigya_Belgium_NL_Change_Password" classname="com.automation.bms.Gigya_Belgium_NL" time="48.941"/>
</testsuite>