<?xml version="1.0" encoding="UTF-8"?>
<testng-results skipped="0" failed="0" ignored="0" total="1" passed="1">
  <reporter-output>
  </reporter-output>
  <suite name="Suite" duration-ms="29065" started-at="2018-07-27T07:30:59Z" finished-at="2018-07-27T07:31:28Z">
    <groups>
    </groups>
    <test name="ChromeTest" duration-ms="29065" started-at="2018-07-27T07:30:59Z" finished-at="2018-07-27T07:31:28Z">
      <class name="com.automation.bms.IEBasicAuthTest">
        <test-method status="PASS" signature="basicAuth()[pri:0, instance:com.automation.bms.IEBasicAuthTest@66d1af89]" name="basicAuth" duration-ms="29012" started-at="2018-07-27T07:30:59Z" finished-at="2018-07-27T07:31:28Z">
          <reporter-output>
          </reporter-output>
        </test-method> <!-- basicAuth -->
      </class> <!-- com.automation.bms.IEBasicAuthTest -->
    </test> <!-- ChromeTest -->
  </suite> <!-- Suite -->
</testng-results>
